Default.SFX
Descript.ion
File_Id.diz
Formats\7z.fmt
Formats\7zxa.dll
Formats\ace.fmt
Formats\arj.fmt
Formats\bz2.fmt
Formats\cab.fmt
Formats\gz.fmt
Formats\iso.fmt
Formats\lzh.fmt
Formats\tar.fmt
Formats\UNACEV2.DLL
Formats\uue.fmt
Formats\z.fmt
Formats
License.txt
Order.htm
Rar.exe
Rar.txt
RarExt.dll
RarExt64.dll
RarExtLoader.exe
RarFiles.lst
ReadMe.txt
TechNote.txt
Uninstall.exe
Uninstall.lst
UnRAR.exe
UnrarSrc.txt
WhatsNew.txt
WinCon.SFX
WinRAR.chm
WinRAR.exe
Zip.SFX
winrar.gid
winrar.fts
rarlng.dll
rarnew.dat
zipnew.dat
rar.lng
rarext.lng
setup.lng
sfx.lng
uninstall.lng
winrar.lng
